C:\Program Files\Microsoft Visual Studio\2022\Enterprise\MSBuild\Microsoft\VC\v170\Microsoft.CppClean.targets(77,5): warning : Access to the path 'c:\users\andre\desktop\chatserverapplication\x64\debug\chatserverapplication.exe' is denied.
  chatServer.cpp
C:\Users\andre\Desktop\ChatServerApplication\errors.h(31,1): warning C4005: 'ALREADY_CONNECTED': macro redefinition
  (compiling source file 'chatServer.cpp')
  C:\Users\andre\Desktop\ChatServerApplication\errors.h(27,1):
  see previous definition of 'ALREADY_CONNECTED'
  
C:\Users\andre\Desktop\ChatServerApplication\chatServer.cpp(211,29): warning C4244: 'argument': conversion from 'SOCKET' to 'int', possible loss of data
C:\Users\andre\Desktop\ChatServerApplication\chatServer.cpp(383,109): warning C4267: 'argument': conversion from 'size_t' to 'int', possible loss of data
C:\Users\andre\Desktop\ChatServerApplication\chatServer.cpp(513,111): warning C4267: 'argument': conversion from 'size_t' to 'int', possible loss of data
C:\Users\andre\Desktop\ChatServerApplication\chatServer.cpp(574,19): warning C4267: 'initializing': conversion from 'size_t' to 'int', possible loss of data
C:\Users\andre\Desktop\ChatServerApplication\chatServer.cpp(779,115): warning C4267: 'argument': conversion from 'size_t' to 'int', possible loss of data
  main.cpp
C:\Users\andre\Desktop\ChatServerApplication\errors.h(31,1): warning C4005: 'ALREADY_CONNECTED': macro redefinition
  (compiling source file 'main.cpp')
  C:\Users\andre\Desktop\ChatServerApplication\errors.h(27,1):
  see previous definition of 'ALREADY_CONNECTED'
  
  clientHandler.cpp
C:\Users\andre\Desktop\ChatServerApplication\errors.h(31,1): warning C4005: 'ALREADY_CONNECTED': macro redefinition
  (compiling source file 'clientHandler.cpp')
  C:\Users\andre\Desktop\ChatServerApplication\errors.h(27,1):
  see previous definition of 'ALREADY_CONNECTED'
  
C:\Users\andre\Desktop\ChatServerApplication\clientHandler.cpp(49,17): warning C4267: 'initializing': conversion from 'size_t' to 'int', possible loss of data
C:\Users\andre\Desktop\ChatServerApplication\clientHandler.cpp(50,17): warning C4267: 'initializing': conversion from 'size_t' to 'int', possible loss of data
C:\Users\andre\Desktop\ChatServerApplication\clientHandler.cpp(66,72): warning C4267: 'argument': conversion from 'size_t' to 'int', possible loss of data
C:\Users\andre\Desktop\ChatServerApplication\clientHandler.cpp(90,17): warning C4267: 'initializing': conversion from 'size_t' to 'int', possible loss of data
C:\Users\andre\Desktop\ChatServerApplication\clientHandler.cpp(91,17): warning C4267: 'initializing': conversion from 'size_t' to 'int', possible loss of data
C:\Users\andre\Desktop\ChatServerApplication\clientHandler.cpp(103,83): warning C4267: 'argument': conversion from 'size_t' to 'int', possible loss of data
C:\Users\andre\Desktop\ChatServerApplication\clientHandler.cpp(104,83): warning C4267: 'argument': conversion from 'size_t' to 'int', possible loss of data
  logger.cpp
  messageHandler.cpp
C:\Users\andre\Desktop\ChatServerApplication\errors.h(31,1): warning C4005: 'ALREADY_CONNECTED': macro redefinition
  (compiling source file 'messageHandler.cpp')
  C:\Users\andre\Desktop\ChatServerApplication\errors.h(27,1):
  see previous definition of 'ALREADY_CONNECTED'
  
C:\Users\andre\Desktop\ChatServerApplication\messageHandler.cpp(46,53): warning C4267: 'argument': conversion from 'size_t' to 'int', possible loss of data
C:\Users\andre\Desktop\ChatServerApplication\messageHandler.cpp(57,57): warning C4267: 'argument': conversion from 'size_t' to 'int', possible loss of data
C:\Users\andre\Desktop\ChatServerApplication\messageHandler.cpp(68,59): warning C4267: 'argument': conversion from 'size_t' to 'int', possible loss of data
C:\Users\andre\Desktop\ChatServerApplication\messageHandler.cpp(73,60): warning C4267: 'argument': conversion from 'size_t' to 'int', possible loss of data
C:\Users\andre\Desktop\ChatServerApplication\messageHandler.cpp(83,61): warning C4267: 'argument': conversion from 'size_t' to 'int', possible loss of data
C:\Users\andre\Desktop\ChatServerApplication\messageHandler.cpp(93,61): warning C4267: 'argument': conversion from 'size_t' to 'int', possible loss of data
C:\Users\andre\Desktop\ChatServerApplication\messageHandler.cpp(98,60): warning C4267: 'argument': conversion from 'size_t' to 'int', possible loss of data
  user.cpp
  Generating Code...
C:\Users\andre\Desktop\ChatServerApplication\chatServer.cpp(478,1): warning C4715: 'chatServer::errorVerbose': not all control paths return a value
LINK : fatal error LNK1104: cannot open file 'C:\Users\andre\Desktop\ChatServerApplication\x64\Debug\ChatServerApplication.exe'
